running egg_info
creating ../../build/maze_events/maze_events.egg-info
writing ../../build/maze_events/maze_events.egg-info/PKG-INFO
writing dependency_links to ../../build/maze_events/maze_events.egg-info/dependency_links.txt
writing entry points to ../../build/maze_events/maze_events.egg-info/entry_points.txt
writing requirements to ../../build/maze_events/maze_events.egg-info/requires.txt
writing top-level names to ../../build/maze_events/maze_events.egg-info/top_level.txt
writing manifest file '../../build/maze_events/maze_events.egg-info/SOURCES.txt'
reading manifest file '../../build/maze_events/maze_events.egg-info/SOURCES.txt'
writing manifest file '../../build/maze_events/maze_events.egg-info/SOURCES.txt'
running build
running build_py
creating /home/dmin/turtlebot_ws/build/maze_events/build
creating /home/dmin/turtlebot_ws/build/maze_events/build/lib
creating /home/dmin/turtlebot_ws/build/maze_events/build/lib/maze_events
copying maze_events/detector_node.py -> /home/dmin/turtlebot_ws/build/maze_events/build/lib/maze_events
copying maze_events/__init__.py -> /home/dmin/turtlebot_ws/build/maze_events/build/lib/maze_events
copying maze_events/zenoh_ingest_worker.py -> /home/dmin/turtlebot_ws/build/maze_events/build/lib/maze_events
running install
running install_lib
creating /home/dmin/turtlebot_ws/install/maze_events/lib/python3.12/site-packages/maze_events
copying /home/dmin/turtlebot_ws/build/maze_events/build/lib/maze_events/detector_node.py -> /home/dmin/turtlebot_ws/install/maze_events/lib/python3.12/site-packages/maze_events
copying /home/dmin/turtlebot_ws/build/maze_events/build/lib/maze_events/__init__.py -> /home/dmin/turtlebot_ws/install/maze_events/lib/python3.12/site-packages/maze_events
copying /home/dmin/turtlebot_ws/build/maze_events/build/lib/maze_events/zenoh_ingest_worker.py -> /home/dmin/turtlebot_ws/install/maze_events/lib/python3.12/site-packages/maze_events
byte-compiling /home/dmin/turtlebot_ws/install/maze_events/lib/python3.12/site-packages/maze_events/detector_node.py to detector_node.cpython-312.pyc
byte-compiling /home/dmin/turtlebot_ws/install/maze_events/lib/python3.12/site-packages/maze_events/__init__.py to __init__.cpython-312.pyc
byte-compiling /home/dmin/turtlebot_ws/install/maze_events/lib/python3.12/site-packages/maze_events/zenoh_ingest_worker.py to zenoh_ingest_worker.cpython-312.pyc
running install_data
creating /home/dmin/turtlebot_ws/install/maze_events/share/ament_index
creating /home/dmin/turtlebot_ws/install/maze_events/share/ament_index/resource_index
creating /home/dmin/turtlebot_ws/install/maze_events/share/ament_index/resource_index/packages
copying resource/maze_events -> /home/dmin/turtlebot_ws/install/maze_events/share/ament_index/resource_index/packages
copying package.xml -> /home/dmin/turtlebot_ws/install/maze_events/share/maze_events
running install_egg_info
Copying ../../build/maze_events/maze_events.egg-info to /home/dmin/turtlebot_ws/install/maze_events/lib/python3.12/site-packages/maze_events-0.1.0-py3.12.egg-info
running install_scripts
Installing detector_node script to /home/dmin/turtlebot_ws/install/maze_events/bin
Installing zenoh_ingest_worker script to /home/dmin/turtlebot_ws/install/maze_events/bin
writing list of installed files to '/home/dmin/turtlebot_ws/build/maze_events/install.log'
