[0.767s] Invoking command in '/home/dmin/turtlebot_ws/src/maze_events': PS1=(tb_venv) \[\e]0;\u@\h: \w\a\]${debian_chroot:+($debian_chroot)}\[\033[01;32m\]\u@\h\[\033[00m\]:\[\033[01;34m\]\w\[\033[00m\]\$ PYTHONPATH=/home/dmin/turtlebot_ws/build/maze_events/prefix_override:/usr/lib/python3/dist-packages/colcon_core/task/python/colcon_distutils_commands:/home/dmin/turtlebot_ws/install/maze_events/lib/python3.12/site-packages:${PYTHONPATH} VIRTUAL_ENV_PROMPT=(tb_venv) /usr/bin/python3 -W ignore:setup.py install is deprecated -W ignore:easy_install command is deprecated setup.py egg_info --egg-base ../../build/maze_events build --build-base /home/dmin/turtlebot_ws/build/maze_events/build install --record /home/dmin/turtlebot_ws/build/maze_events/install.log --single-version-externally-managed install_data
[0.969s] running egg_info
[0.969s] creating ../../build/maze_events/maze_events.egg-info
[0.985s] writing ../../build/maze_events/maze_events.egg-info/PKG-INFO
[0.985s] writing dependency_links to ../../build/maze_events/maze_events.egg-info/dependency_links.txt
[0.985s] writing entry points to ../../build/maze_events/maze_events.egg-info/entry_points.txt
[0.985s] writing requirements to ../../build/maze_events/maze_events.egg-info/requires.txt
[0.985s] writing top-level names to ../../build/maze_events/maze_events.egg-info/top_level.txt
[0.986s] writing manifest file '../../build/maze_events/maze_events.egg-info/SOURCES.txt'
[1.017s] reading manifest file '../../build/maze_events/maze_events.egg-info/SOURCES.txt'
[1.017s] writing manifest file '../../build/maze_events/maze_events.egg-info/SOURCES.txt'
[1.017s] running build
[1.018s] running build_py
[1.018s] creating /home/dmin/turtlebot_ws/build/maze_events/build
[1.018s] creating /home/dmin/turtlebot_ws/build/maze_events/build/lib
[1.018s] creating /home/dmin/turtlebot_ws/build/maze_events/build/lib/maze_events
[1.019s] copying maze_events/detector_node.py -> /home/dmin/turtlebot_ws/build/maze_events/build/lib/maze_events
[1.019s] copying maze_events/__init__.py -> /home/dmin/turtlebot_ws/build/maze_events/build/lib/maze_events
[1.019s] copying maze_events/zenoh_ingest_worker.py -> /home/dmin/turtlebot_ws/build/maze_events/build/lib/maze_events
[1.019s] running install
[1.024s] running install_lib
[1.040s] creating /home/dmin/turtlebot_ws/install/maze_events/lib/python3.12/site-packages/maze_events
[1.040s] copying /home/dmin/turtlebot_ws/build/maze_events/build/lib/maze_events/detector_node.py -> /home/dmin/turtlebot_ws/install/maze_events/lib/python3.12/site-packages/maze_events
[1.040s] copying /home/dmin/turtlebot_ws/build/maze_events/build/lib/maze_events/__init__.py -> /home/dmin/turtlebot_ws/install/maze_events/lib/python3.12/site-packages/maze_events
[1.040s] copying /home/dmin/turtlebot_ws/build/maze_events/build/lib/maze_events/zenoh_ingest_worker.py -> /home/dmin/turtlebot_ws/install/maze_events/lib/python3.12/site-packages/maze_events
[1.041s] byte-compiling /home/dmin/turtlebot_ws/install/maze_events/lib/python3.12/site-packages/maze_events/detector_node.py to detector_node.cpython-312.pyc
[1.043s] byte-compiling /home/dmin/turtlebot_ws/install/maze_events/lib/python3.12/site-packages/maze_events/__init__.py to __init__.cpython-312.pyc
[1.043s] byte-compiling /home/dmin/turtlebot_ws/install/maze_events/lib/python3.12/site-packages/maze_events/zenoh_ingest_worker.py to zenoh_ingest_worker.cpython-312.pyc
[1.044s] running install_data
[1.045s] creating /home/dmin/turtlebot_ws/install/maze_events/share/ament_index
[1.045s] creating /home/dmin/turtlebot_ws/install/maze_events/share/ament_index/resource_index
[1.045s] creating /home/dmin/turtlebot_ws/install/maze_events/share/ament_index/resource_index/packages
[1.046s] copying resource/maze_events -> /home/dmin/turtlebot_ws/install/maze_events/share/ament_index/resource_index/packages
[1.046s] copying package.xml -> /home/dmin/turtlebot_ws/install/maze_events/share/maze_events
[1.046s] running install_egg_info
[1.063s] Copying ../../build/maze_events/maze_events.egg-info to /home/dmin/turtlebot_ws/install/maze_events/lib/python3.12/site-packages/maze_events-0.1.0-py3.12.egg-info
[1.064s] running install_scripts
[1.172s] Installing detector_node script to /home/dmin/turtlebot_ws/install/maze_events/bin
[1.172s] Installing zenoh_ingest_worker script to /home/dmin/turtlebot_ws/install/maze_events/bin
[1.173s] writing list of installed files to '/home/dmin/turtlebot_ws/build/maze_events/install.log'
[1.192s] Invoked command in '/home/dmin/turtlebot_ws/src/maze_events' returned '0': PS1=(tb_venv) \[\e]0;\u@\h: \w\a\]${debian_chroot:+($debian_chroot)}\[\033[01;32m\]\u@\h\[\033[00m\]:\[\033[01;34m\]\w\[\033[00m\]\$ PYTHONPATH=/home/dmin/turtlebot_ws/build/maze_events/prefix_override:/usr/lib/python3/dist-packages/colcon_core/task/python/colcon_distutils_commands:/home/dmin/turtlebot_ws/install/maze_events/lib/python3.12/site-packages:${PYTHONPATH} VIRTUAL_ENV_PROMPT=(tb_venv) /usr/bin/python3 -W ignore:setup.py install is deprecated -W ignore:easy_install command is deprecated setup.py egg_info --egg-base ../../build/maze_events build --build-base /home/dmin/turtlebot_ws/build/maze_events/build install --record /home/dmin/turtlebot_ws/build/maze_events/install.log --single-version-externally-managed install_data
