[0.027s] Invoking command in '/home/dmin/turtlebot_ws/build/tb_autonomy': AMENT_PREFIX_PATH=/home/dmin/turtlebot_ws/install/tb_worlds:${AMENT_PREFIX_PATH} CMAKE_PREFIX_PATH=/home/dmin/turtlebot_ws/install/tb_worlds:/opt/ros/jazzy/opt/gz_sim_vendor:/opt/ros/jazzy/opt/gz_sensors_vendor:/opt/ros/jazzy/opt/gz_physics_vendor:/opt/ros/jazzy/opt/sdformat_vendor:/opt/ros/jazzy/opt/gz_gui_vendor:/opt/ros/jazzy/opt/gz_transport_vendor:/opt/ros/jazzy/opt/gz_rendering_vendor:/opt/ros/jazzy/opt/gz_plugin_vendor:/opt/ros/jazzy/opt/gz_fuel_tools_vendor:/opt/ros/jazzy/opt/gz_msgs_vendor:/opt/ros/jazzy/opt/gz_common_vendor:/opt/ros/jazzy/opt/gz_tools_vendor:/opt/ros/jazzy/opt/gz_ogre_next_vendor:/opt/ros/jazzy/opt/gz_dartsim_vendor:/opt/ros/jazzy/opt/gz_math_vendor:/opt/ros/jazzy/opt/gz_utils_vendor:/opt/ros/jazzy/opt/gz_cmake_vendor:/opt/ros/jazzy /usr/bin/cmake /home/dmin/turtlebot_ws/src/turtlebot3_behavior_demos/tb_autonomy -DCMAKE_INSTALL_PREFIX=/home/dmin/turtlebot_ws/install/tb_autonomy
[0.117s] -- The C compiler identification is GNU 13.3.0
[0.351s] -- The CXX compiler identification is GNU 13.3.0
[0.547s] -- Detecting C compiler ABI info
[0.712s] -- Detecting C compiler ABI info - done
[0.719s] -- Check for working C compiler: /usr/bin/cc - skipped
[0.719s] -- Detecting C compile features
[0.720s] -- Detecting C compile features - done
[0.764s] -- Detecting CXX compiler ABI info
[0.945s] -- Detecting CXX compiler ABI info - done
[0.952s] -- Check for working CXX compiler: /usr/bin/c++ - skipped
[0.953s] -- Detecting CXX compile features
[0.953s] -- Detecting CXX compile features - done
[0.958s] -- Found ament_cmake: 2.5.5 (/opt/ros/jazzy/share/ament_cmake/cmake)
[1.096s] -- Found Python3: /usr/bin/python3 (found version "3.12.3") found components: Interpreter 
[1.211s] -- Found ament_index_cpp: 1.8.2 (/opt/ros/jazzy/share/ament_index_cpp/cmake)
[1.215s] -- Found rclpy: 7.1.9 (/opt/ros/jazzy/share/rclpy/cmake)
[1.219s] -- Found rclcpp: 28.1.16 (/opt/ros/jazzy/share/rclcpp/cmake)
[1.337s] -- Found rosidl_generator_c: 4.6.7 (/opt/ros/jazzy/share/rosidl_generator_c/cmake)
[1.355s] -- Found rosidl_generator_cpp: 4.6.7 (/opt/ros/jazzy/share/rosidl_generator_cpp/cmake)
[1.375s] -- Using all available rosidl_typesupport_c: rosidl_typesupport_fastrtps_c;rosidl_typesupport_introspection_c
[1.397s] -- Using all available rosidl_typesupport_cpp: rosidl_typesupport_fastrtps_cpp;rosidl_typesupport_introspection_cpp
[1.492s] -- Found rmw_implementation_cmake: 7.3.3 (/opt/ros/jazzy/share/rmw_implementation_cmake/cmake)
[1.497s] -- Found rmw_fastrtps_cpp: 8.4.3 (/opt/ros/jazzy/share/rmw_fastrtps_cpp/cmake)
[1.606s] -- Found OpenSSL: /usr/lib/x86_64-linux-gnu/libcrypto.so (found version "3.0.13")  
[1.698s] -- Found FastRTPS: /opt/ros/jazzy/include (Required is at least version "2.13") 
[1.755s] -- Using RMW implementation 'rmw_fastrtps_cpp' as default
[1.885s] -- Found rclcpp_action: 28.1.16 (/opt/ros/jazzy/share/rclcpp_action/cmake)
[1.932s] -- Found nav2_msgs: 1.3.10 (/opt/ros/jazzy/share/nav2_msgs/cmake)
[2.078s] -- Found sensor_msgs: 5.3.6 (/opt/ros/jazzy/share/sensor_msgs/cmake)
[2.101s] -- Found behaviortree_cpp: 4.8.3 (/opt/ros/jazzy/share/behaviortree_cpp/cmake)
[2.106s] -- Found cv_bridge: 4.1.0 (/opt/ros/jazzy/share/cv_bridge/cmake)
[2.121s] -- Found OpenCV: /usr (found version "4.6.0") 
[2.125s] -- Found image_transport: 5.1.7 (/opt/ros/jazzy/share/image_transport/cmake)
[2.162s] -- Found tf2: 0.36.19 (/opt/ros/jazzy/share/tf2/cmake)
[2.168s] -- Found tf2_ros: 0.36.19 (/opt/ros/jazzy/share/tf2_ros/cmake)
[2.237s] -- Found tf2_geometry_msgs: 0.36.19 (/opt/ros/jazzy/share/tf2_geometry_msgs/cmake)
[2.278s] -- Found eigen3_cmake_module: 0.3.0 (/opt/ros/jazzy/share/eigen3_cmake_module/cmake)
[2.279s] -- Found Eigen3: TRUE (found version "3.4.0") 
[2.279s] -- Ensuring Eigen3 include directory is part of orocos-kdl CMake target
[2.441s] -- Configuring done (2.4s)
[2.469s] -- Generating done (0.0s)
[2.474s] -- Build files have been written to: /home/dmin/turtlebot_ws/build/tb_autonomy
[2.486s] Invoked command in '/home/dmin/turtlebot_ws/build/tb_autonomy' returned '0': AMENT_PREFIX_PATH=/home/dmin/turtlebot_ws/install/tb_worlds:${AMENT_PREFIX_PATH} CMAKE_PREFIX_PATH=/home/dmin/turtlebot_ws/install/tb_worlds:/opt/ros/jazzy/opt/gz_sim_vendor:/opt/ros/jazzy/opt/gz_sensors_vendor:/opt/ros/jazzy/opt/gz_physics_vendor:/opt/ros/jazzy/opt/sdformat_vendor:/opt/ros/jazzy/opt/gz_gui_vendor:/opt/ros/jazzy/opt/gz_transport_vendor:/opt/ros/jazzy/opt/gz_rendering_vendor:/opt/ros/jazzy/opt/gz_plugin_vendor:/opt/ros/jazzy/opt/gz_fuel_tools_vendor:/opt/ros/jazzy/opt/gz_msgs_vendor:/opt/ros/jazzy/opt/gz_common_vendor:/opt/ros/jazzy/opt/gz_tools_vendor:/opt/ros/jazzy/opt/gz_ogre_next_vendor:/opt/ros/jazzy/opt/gz_dartsim_vendor:/opt/ros/jazzy/opt/gz_math_vendor:/opt/ros/jazzy/opt/gz_utils_vendor:/opt/ros/jazzy/opt/gz_cmake_vendor:/opt/ros/jazzy /usr/bin/cmake /home/dmin/turtlebot_ws/src/turtlebot3_behavior_demos/tb_autonomy -DCMAKE_INSTALL_PREFIX=/home/dmin/turtlebot_ws/install/tb_autonomy
[2.487s] Invoking command in '/home/dmin/turtlebot_ws/build/tb_autonomy': AMENT_PREFIX_PATH=/home/dmin/turtlebot_ws/install/tb_worlds:${AMENT_PREFIX_PATH} CMAKE_PREFIX_PATH=/home/dmin/turtlebot_ws/install/tb_worlds:/opt/ros/jazzy/opt/gz_sim_vendor:/opt/ros/jazzy/opt/gz_sensors_vendor:/opt/ros/jazzy/opt/gz_physics_vendor:/opt/ros/jazzy/opt/sdformat_vendor:/opt/ros/jazzy/opt/gz_gui_vendor:/opt/ros/jazzy/opt/gz_transport_vendor:/opt/ros/jazzy/opt/gz_rendering_vendor:/opt/ros/jazzy/opt/gz_plugin_vendor:/opt/ros/jazzy/opt/gz_fuel_tools_vendor:/opt/ros/jazzy/opt/gz_msgs_vendor:/opt/ros/jazzy/opt/gz_common_vendor:/opt/ros/jazzy/opt/gz_tools_vendor:/opt/ros/jazzy/opt/gz_ogre_next_vendor:/opt/ros/jazzy/opt/gz_dartsim_vendor:/opt/ros/jazzy/opt/gz_math_vendor:/opt/ros/jazzy/opt/gz_utils_vendor:/opt/ros/jazzy/opt/gz_cmake_vendor:/opt/ros/jazzy /usr/bin/cmake --build /home/dmin/turtlebot_ws/build/tb_autonomy -- -j12 -l12
[2.551s] [ 25%] [32mBuilding CXX object CMakeFiles/autonomy_node_cpp.dir/src/autonomy_node.cpp.o[0m
[2.551s] [ 50%] [32mBuilding CXX object CMakeFiles/autonomy_node_cpp.dir/src/navigation_behaviors.cpp.o[0m
[2.551s] [ 75%] [32mBuilding CXX object CMakeFiles/autonomy_node_cpp.dir/src/vision_behaviors.cpp.o[0m
[2.562s] [ 75%] Built target ament_cmake_python_copy_tb_behaviors
[2.750s] running egg_info
[2.750s] creating tb_behaviors.egg-info
[2.767s] writing tb_behaviors.egg-info/PKG-INFO
[2.767s] writing dependency_links to tb_behaviors.egg-info/dependency_links.txt
[2.767s] writing top-level names to tb_behaviors.egg-info/top_level.txt
[2.768s] writing manifest file 'tb_behaviors.egg-info/SOURCES.txt'
[2.821s] reading manifest file 'tb_behaviors.egg-info/SOURCES.txt'
[2.822s] writing manifest file 'tb_behaviors.egg-info/SOURCES.txt'
[2.848s] [ 75%] Built target ament_cmake_python_build_tb_behaviors_egg
[8.979s] [100%] [32m[1mLinking CXX executable autonomy_node_cpp[0m
[9.784s] [100%] Built target autonomy_node_cpp
[9.798s] Invoked command in '/home/dmin/turtlebot_ws/build/tb_autonomy' returned '0': AMENT_PREFIX_PATH=/home/dmin/turtlebot_ws/install/tb_worlds:${AMENT_PREFIX_PATH} CMAKE_PREFIX_PATH=/home/dmin/turtlebot_ws/install/tb_worlds:/opt/ros/jazzy/opt/gz_sim_vendor:/opt/ros/jazzy/opt/gz_sensors_vendor:/opt/ros/jazzy/opt/gz_physics_vendor:/opt/ros/jazzy/opt/sdformat_vendor:/opt/ros/jazzy/opt/gz_gui_vendor:/opt/ros/jazzy/opt/gz_transport_vendor:/opt/ros/jazzy/opt/gz_rendering_vendor:/opt/ros/jazzy/opt/gz_plugin_vendor:/opt/ros/jazzy/opt/gz_fuel_tools_vendor:/opt/ros/jazzy/opt/gz_msgs_vendor:/opt/ros/jazzy/opt/gz_common_vendor:/opt/ros/jazzy/opt/gz_tools_vendor:/opt/ros/jazzy/opt/gz_ogre_next_vendor:/opt/ros/jazzy/opt/gz_dartsim_vendor:/opt/ros/jazzy/opt/gz_math_vendor:/opt/ros/jazzy/opt/gz_utils_vendor:/opt/ros/jazzy/opt/gz_cmake_vendor:/opt/ros/jazzy /usr/bin/cmake --build /home/dmin/turtlebot_ws/build/tb_autonomy -- -j12 -l12
[9.799s] Invoking command in '/home/dmin/turtlebot_ws/build/tb_autonomy': AMENT_PREFIX_PATH=/home/dmin/turtlebot_ws/install/tb_worlds:${AMENT_PREFIX_PATH} CMAKE_PREFIX_PATH=/home/dmin/turtlebot_ws/install/tb_worlds:/opt/ros/jazzy/opt/gz_sim_vendor:/opt/ros/jazzy/opt/gz_sensors_vendor:/opt/ros/jazzy/opt/gz_physics_vendor:/opt/ros/jazzy/opt/sdformat_vendor:/opt/ros/jazzy/opt/gz_gui_vendor:/opt/ros/jazzy/opt/gz_transport_vendor:/opt/ros/jazzy/opt/gz_rendering_vendor:/opt/ros/jazzy/opt/gz_plugin_vendor:/opt/ros/jazzy/opt/gz_fuel_tools_vendor:/opt/ros/jazzy/opt/gz_msgs_vendor:/opt/ros/jazzy/opt/gz_common_vendor:/opt/ros/jazzy/opt/gz_tools_vendor:/opt/ros/jazzy/opt/gz_ogre_next_vendor:/opt/ros/jazzy/opt/gz_dartsim_vendor:/opt/ros/jazzy/opt/gz_math_vendor:/opt/ros/jazzy/opt/gz_utils_vendor:/opt/ros/jazzy/opt/gz_cmake_vendor:/opt/ros/jazzy /usr/bin/cmake --install /home/dmin/turtlebot_ws/build/tb_autonomy
[9.808s] -- Install configuration: ""
[9.808s] -- Installing: /home/dmin/turtlebot_ws/install/tb_autonomy/share/tb_autonomy/bt_xml
[9.810s] -- Installing: /home/dmin/turtlebot_ws/install/tb_autonomy/share/tb_autonomy/bt_xml/nav_tree_queue.xml
[9.810s] -- Installing: /home/dmin/turtlebot_ws/install/tb_autonomy/share/tb_autonomy/bt_xml/tree_queue.xml
[9.811s] -- Installing: /home/dmin/turtlebot_ws/install/tb_autonomy/share/tb_autonomy/bt_xml/nav_tree_naive.xml
[9.811s] -- Installing: /home/dmin/turtlebot_ws/install/tb_autonomy/share/tb_autonomy/bt_xml/tree_naive.xml
[9.811s] -- Installing: /home/dmin/turtlebot_ws/install/tb_autonomy/share/tb_autonomy/launch
[9.812s] -- Installing: /home/dmin/turtlebot_ws/install/tb_autonomy/share/tb_autonomy/launch/tb_demo_behavior_cpp.launch.py
[9.812s] -- Installing: /home/dmin/turtlebot_ws/install/tb_autonomy/share/tb_autonomy/launch/tb_demo_behavior_py.launch.py
[9.813s] -- Installing: /home/dmin/turtlebot_ws/install/tb_autonomy/share/tb_autonomy/environment/pythonpath.sh
[9.813s] -- Installing: /home/dmin/turtlebot_ws/install/tb_autonomy/share/tb_autonomy/environment/pythonpath.dsv
[9.813s] -- Installing: /home/dmin/turtlebot_ws/install/tb_autonomy/lib/python3.12/site-packages/tb_behaviors-0.0.0-py3.12.egg-info
[9.815s] -- Installing: /home/dmin/turtlebot_ws/install/tb_autonomy/lib/python3.12/site-packages/tb_behaviors-0.0.0-py3.12.egg-info/SOURCES.txt
[9.815s] -- Installing: /home/dmin/turtlebot_ws/install/tb_autonomy/lib/python3.12/site-packages/tb_behaviors-0.0.0-py3.12.egg-info/PKG-INFO
[9.815s] -- Installing: /home/dmin/turtlebot_ws/install/tb_autonomy/lib/python3.12/site-packages/tb_behaviors-0.0.0-py3.12.egg-info/dependency_links.txt
[9.815s] -- Installing: /home/dmin/turtlebot_ws/install/tb_autonomy/lib/python3.12/site-packages/tb_behaviors-0.0.0-py3.12.egg-info/top_level.txt
[9.815s] -- Installing: /home/dmin/turtlebot_ws/install/tb_autonomy/lib/python3.12/site-packages/tb_behaviors
[9.816s] -- Installing: /home/dmin/turtlebot_ws/install/tb_autonomy/lib/python3.12/site-packages/tb_behaviors/__init__.py
[9.816s] -- Installing: /home/dmin/turtlebot_ws/install/tb_autonomy/lib/python3.12/site-packages/tb_behaviors/navigation.py
[9.816s] -- Installing: /home/dmin/turtlebot_ws/install/tb_autonomy/lib/python3.12/site-packages/tb_behaviors/vision.py
[9.847s] Listing '/home/dmin/turtlebot_ws/install/tb_autonomy/lib/python3.12/site-packages/tb_behaviors'...
[9.848s] Compiling '/home/dmin/turtlebot_ws/install/tb_autonomy/lib/python3.12/site-packages/tb_behaviors/__init__.py'...
[9.848s] Compiling '/home/dmin/turtlebot_ws/install/tb_autonomy/lib/python3.12/site-packages/tb_behaviors/navigation.py'...
[9.848s] Compiling '/home/dmin/turtlebot_ws/install/tb_autonomy/lib/python3.12/site-packages/tb_behaviors/vision.py'...
[9.852s] -- Installing: /home/dmin/turtlebot_ws/install/tb_autonomy/lib/tb_autonomy/autonomy_node.py
[9.853s] -- Installing: /home/dmin/turtlebot_ws/install/tb_autonomy/lib/tb_autonomy/test_move_base.py
[9.853s] -- Installing: /home/dmin/turtlebot_ws/install/tb_autonomy/lib/tb_autonomy/test_vision.py
[9.853s] -- Installing: /home/dmin/turtlebot_ws/install/tb_autonomy/lib/tb_autonomy/autonomy_node_cpp
[9.858s] -- Set non-toolchain portion of runtime path of "/home/dmin/turtlebot_ws/install/tb_autonomy/lib/tb_autonomy/autonomy_node_cpp" to ""
[9.859s] -- Installing: /home/dmin/turtlebot_ws/install/tb_autonomy/share/ament_index/resource_index/package_run_dependencies/tb_autonomy
[9.860s] -- Installing: /home/dmin/turtlebot_ws/install/tb_autonomy/share/ament_index/resource_index/parent_prefix_path/tb_autonomy
[9.860s] -- Installing: /home/dmin/turtlebot_ws/install/tb_autonomy/share/tb_autonomy/environment/ament_prefix_path.sh
[9.860s] -- Installing: /home/dmin/turtlebot_ws/install/tb_autonomy/share/tb_autonomy/environment/ament_prefix_path.dsv
[9.860s] -- Installing: /home/dmin/turtlebot_ws/install/tb_autonomy/share/tb_autonomy/environment/path.sh
[9.860s] -- Installing: /home/dmin/turtlebot_ws/install/tb_autonomy/share/tb_autonomy/environment/path.dsv
[9.861s] -- Installing: /home/dmin/turtlebot_ws/install/tb_autonomy/share/tb_autonomy/local_setup.bash
[9.861s] -- Installing: /home/dmin/turtlebot_ws/install/tb_autonomy/share/tb_autonomy/local_setup.sh
[9.861s] -- Installing: /home/dmin/turtlebot_ws/install/tb_autonomy/share/tb_autonomy/local_setup.zsh
[9.861s] -- Installing: /home/dmin/turtlebot_ws/install/tb_autonomy/share/tb_autonomy/local_setup.dsv
[9.861s] -- Installing: /home/dmin/turtlebot_ws/install/tb_autonomy/share/tb_autonomy/package.dsv
[9.862s] -- Installing: /home/dmin/turtlebot_ws/install/tb_autonomy/share/ament_index/resource_index/packages/tb_autonomy
[9.862s] -- Installing: /home/dmin/turtlebot_ws/install/tb_autonomy/share/tb_autonomy/cmake/tb_autonomyConfig.cmake
[9.863s] -- Installing: /home/dmin/turtlebot_ws/install/tb_autonomy/share/tb_autonomy/cmake/tb_autonomyConfig-version.cmake
[9.863s] -- Installing: /home/dmin/turtlebot_ws/install/tb_autonomy/share/tb_autonomy/package.xml
[9.866s] Invoked command in '/home/dmin/turtlebot_ws/build/tb_autonomy' returned '0': AMENT_PREFIX_PATH=/home/dmin/turtlebot_ws/install/tb_worlds:${AMENT_PREFIX_PATH} CMAKE_PREFIX_PATH=/home/dmin/turtlebot_ws/install/tb_worlds:/opt/ros/jazzy/opt/gz_sim_vendor:/opt/ros/jazzy/opt/gz_sensors_vendor:/opt/ros/jazzy/opt/gz_physics_vendor:/opt/ros/jazzy/opt/sdformat_vendor:/opt/ros/jazzy/opt/gz_gui_vendor:/opt/ros/jazzy/opt/gz_transport_vendor:/opt/ros/jazzy/opt/gz_rendering_vendor:/opt/ros/jazzy/opt/gz_plugin_vendor:/opt/ros/jazzy/opt/gz_fuel_tools_vendor:/opt/ros/jazzy/opt/gz_msgs_vendor:/opt/ros/jazzy/opt/gz_common_vendor:/opt/ros/jazzy/opt/gz_tools_vendor:/opt/ros/jazzy/opt/gz_ogre_next_vendor:/opt/ros/jazzy/opt/gz_dartsim_vendor:/opt/ros/jazzy/opt/gz_math_vendor:/opt/ros/jazzy/opt/gz_utils_vendor:/opt/ros/jazzy/opt/gz_cmake_vendor:/opt/ros/jazzy /usr/bin/cmake --install /home/dmin/turtlebot_ws/build/tb_autonomy
