[0.115s] DEBUG:colcon:Command line arguments: ['/usr/bin/colcon', 'build']
[0.115s] DEBUG:colcon:Parsed command line arguments: Namespace(log_base=None, log_level=None, verb_name='build', build_base='build', install_base='install', merge_install=False, symlink_install=False, test_result_base=None, continue_on_error=False, executor='parallel', parallel_workers=12, event_handlers=None, ignore_user_meta=False, metas=['./colcon.meta'], base_paths=['.'], packages_ignore=None, packages_ignore_regex=None, paths=None, packages_up_to=None, packages_up_to_regex=None, packages_above=None, packages_above_and_dependencies=None, packages_above_depth=None, packages_select_by_dep=None, packages_skip_by_dep=None, packages_skip_up_to=None, packages_select_build_failed=False, packages_skip_build_finished=False, packages_select_test_failures=False, packages_skip_test_passed=False, packages_select=None, packages_skip=None, packages_select_regex=None, packages_skip_regex=None, packages_start=None, packages_end=None, allow_overriding=[], cmake_args=None, cmake_target=None, cmake_target_skip_unavailable=False, cmake_clean_cache=False, cmake_clean_first=False, cmake_force_configure=False, ament_cmake_args=None, catkin_cmake_args=None, catkin_skip_building_tests=False, verb_parser=<colcon_defaults.argument_parser.defaults.DefaultArgumentsDecorator object at 0x727233a4bfb0>, verb_extension=<colcon_core.verb.build.BuildVerb object at 0x7272339e3860>, main=<bound method BuildVerb.main of <colcon_core.verb.build.BuildVerb object at 0x7272339e3860>>)
[0.146s] Level 1:colcon.colcon_core.package_discovery:discover_packages(colcon_meta) check parameters
[0.147s] Level 1:colcon.colcon_core.package_discovery:discover_packages(recursive) check parameters
[0.147s] Level 1:colcon.colcon_core.package_discovery:discover_packages(ignore) check parameters
[0.147s] Level 1:colcon.colcon_core.package_discovery:discover_packages(path) check parameters
[0.147s] Level 1:colcon.colcon_core.package_discovery:discover_packages(colcon_meta) discover
[0.147s] Level 1:colcon.colcon_core.package_discovery:discover_packages(recursive) discover
[0.147s] INFO:colcon.colcon_core.package_discovery:Crawling recursively for packages in '/home/dmin/turtlebot_ws'
[0.147s] Level 1:colcon.colcon_core.package_identification:_identify(.) by extensions ['ignore', 'ignore_ament_install']
[0.147s] Level 1:colcon.colcon_core.package_identification:_identify(.) by extension 'ignore'
[0.147s] Level 1:colcon.colcon_core.package_identification:_identify(.) by extension 'ignore_ament_install'
[0.147s] Level 1:colcon.colcon_core.package_identification:_identify(.) by extensions ['colcon_pkg']
[0.147s] Level 1:colcon.colcon_core.package_identification:_identify(.) by extension 'colcon_pkg'
[0.147s] Level 1:colcon.colcon_core.package_identification:_identify(.) by extensions ['colcon_meta']
[0.147s] Level 1:colcon.colcon_core.package_identification:_identify(.) by extension 'colcon_meta'
[0.147s] Level 1:colcon.colcon_core.package_identification:_identify(.) by extensions ['ros']
[0.147s] Level 1:colcon.colcon_core.package_identification:_identify(.) by extension 'ros'
[0.165s] Level 1:colcon.colcon_core.package_identification:_identify(.) by extensions ['cmake', 'python']
[0.165s] Level 1:colcon.colcon_core.package_identification:_identify(.) by extension 'cmake'
[0.165s] Level 1:colcon.colcon_core.package_identification:_identify(.) by extension 'python'
[0.165s] Level 1:colcon.colcon_core.package_identification:_identify(.) by extensions ['python_setup_py']
[0.165s] Level 1:colcon.colcon_core.package_identification:_identify(.) by extension 'python_setup_py'
[0.165s] Level 1:colcon.colcon_core.package_identification:_identify(build) by extensions ['ignore', 'ignore_ament_install']
[0.166s] Level 1:colcon.colcon_core.package_identification:_identify(build) by extension 'ignore'
[0.166s] Level 1:colcon.colcon_core.package_identification:_identify(build) ignored
[0.166s] Level 1:colcon.colcon_core.package_identification:_identify(install) by extensions ['ignore', 'ignore_ament_install']
[0.166s] Level 1:colcon.colcon_core.package_identification:_identify(install) by extension 'ignore'
[0.166s] Level 1:colcon.colcon_core.package_identification:_identify(install) ignored
[0.166s] Level 1:colcon.colcon_core.package_identification:_identify(log) by extensions ['ignore', 'ignore_ament_install']
[0.166s] Level 1:colcon.colcon_core.package_identification:_identify(log) by extension 'ignore'
[0.166s] Level 1:colcon.colcon_core.package_identification:_identify(log) ignored
[0.166s] Level 1:colcon.colcon_core.package_identification:_identify(src) by extensions ['ignore', 'ignore_ament_install']
[0.166s] Level 1:colcon.colcon_core.package_identification:_identify(src) by extension 'ignore'
[0.166s] Level 1:colcon.colcon_core.package_identification:_identify(src) by extension 'ignore_ament_install'
[0.166s] Level 1:colcon.colcon_core.package_identification:_identify(src) by extensions ['colcon_pkg']
[0.166s] Level 1:colcon.colcon_core.package_identification:_identify(src) by extension 'colcon_pkg'
[0.166s] Level 1:colcon.colcon_core.package_identification:_identify(src) by extensions ['colcon_meta']
[0.166s] Level 1:colcon.colcon_core.package_identification:_identify(src) by extension 'colcon_meta'
[0.166s] Level 1:colcon.colcon_core.package_identification:_identify(src) by extensions ['ros']
[0.166s] Level 1:colcon.colcon_core.package_identification:_identify(src) by extension 'ros'
[0.166s] Level 1:colcon.colcon_core.package_identification:_identify(src) by extensions ['cmake', 'python']
[0.166s] Level 1:colcon.colcon_core.package_identification:_identify(src) by extension 'cmake'
[0.167s] Level 1:colcon.colcon_core.package_identification:_identify(src) by extension 'python'
[0.167s] Level 1:colcon.colcon_core.package_identification:_identify(src) by extensions ['python_setup_py']
[0.167s] Level 1:colcon.colcon_core.package_identification:_identify(src) by extension 'python_setup_py'
[0.167s] Level 1:colcon.colcon_core.package_identification:_identify(src/turtlebot3_behavior_demos) by extensions ['ignore', 'ignore_ament_install']
[0.167s] Level 1:colcon.colcon_core.package_identification:_identify(src/turtlebot3_behavior_demos) by extension 'ignore'
[0.167s] Level 1:colcon.colcon_core.package_identification:_identify(src/turtlebot3_behavior_demos) by extension 'ignore_ament_install'
[0.167s] Level 1:colcon.colcon_core.package_identification:_identify(src/turtlebot3_behavior_demos) by extensions ['colcon_pkg']
[0.167s] Level 1:colcon.colcon_core.package_identification:_identify(src/turtlebot3_behavior_demos) by extension 'colcon_pkg'
[0.167s] Level 1:colcon.colcon_core.package_identification:_identify(src/turtlebot3_behavior_demos) by extensions ['colcon_meta']
[0.167s] Level 1:colcon.colcon_core.package_identification:_identify(src/turtlebot3_behavior_demos) by extension 'colcon_meta'
[0.167s] Level 1:colcon.colcon_core.package_identification:_identify(src/turtlebot3_behavior_demos) by extensions ['ros']
[0.167s] Level 1:colcon.colcon_core.package_identification:_identify(src/turtlebot3_behavior_demos) by extension 'ros'
[0.167s] Level 1:colcon.colcon_core.package_identification:_identify(src/turtlebot3_behavior_demos) by extensions ['cmake', 'python']
[0.167s] Level 1:colcon.colcon_core.package_identification:_identify(src/turtlebot3_behavior_demos) by extension 'cmake'
[0.167s] Level 1:colcon.colcon_core.package_identification:_identify(src/turtlebot3_behavior_demos) by extension 'python'
[0.167s] Level 1:colcon.colcon_core.package_identification:_identify(src/turtlebot3_behavior_demos) by extensions ['python_setup_py']
[0.167s] Level 1:colcon.colcon_core.package_identification:_identify(src/turtlebot3_behavior_demos) by extension 'python_setup_py'
[0.167s] Level 1:colcon.colcon_core.package_identification:_identify(src/turtlebot3_behavior_demos/docker) by extensions ['ignore', 'ignore_ament_install']
[0.167s] Level 1:colcon.colcon_core.package_identification:_identify(src/turtlebot3_behavior_demos/docker) by extension 'ignore'
[0.167s] Level 1:colcon.colcon_core.package_identification:_identify(src/turtlebot3_behavior_demos/docker) by extension 'ignore_ament_install'
[0.167s] Level 1:colcon.colcon_core.package_identification:_identify(src/turtlebot3_behavior_demos/docker) by extensions ['colcon_pkg']
[0.167s] Level 1:colcon.colcon_core.package_identification:_identify(src/turtlebot3_behavior_demos/docker) by extension 'colcon_pkg'
[0.168s] Level 1:colcon.colcon_core.package_identification:_identify(src/turtlebot3_behavior_demos/docker) by extensions ['colcon_meta']
[0.168s] Level 1:colcon.colcon_core.package_identification:_identify(src/turtlebot3_behavior_demos/docker) by extension 'colcon_meta'
[0.168s] Level 1:colcon.colcon_core.package_identification:_identify(src/turtlebot3_behavior_demos/docker) by extensions ['ros']
[0.168s] Level 1:colcon.colcon_core.package_identification:_identify(src/turtlebot3_behavior_demos/docker) by extension 'ros'
[0.168s] Level 1:colcon.colcon_core.package_identification:_identify(src/turtlebot3_behavior_demos/docker) by extensions ['cmake', 'python']
[0.168s] Level 1:colcon.colcon_core.package_identification:_identify(src/turtlebot3_behavior_demos/docker) by extension 'cmake'
[0.168s] Level 1:colcon.colcon_core.package_identification:_identify(src/turtlebot3_behavior_demos/docker) by extension 'python'
[0.168s] Level 1:colcon.colcon_core.package_identification:_identify(src/turtlebot3_behavior_demos/docker) by extensions ['python_setup_py']
[0.168s] Level 1:colcon.colcon_core.package_identification:_identify(src/turtlebot3_behavior_demos/docker) by extension 'python_setup_py'
[0.168s] Level 1:colcon.colcon_core.package_identification:_identify(src/turtlebot3_behavior_demos/media) by extensions ['ignore', 'ignore_ament_install']
[0.168s] Level 1:colcon.colcon_core.package_identification:_identify(src/turtlebot3_behavior_demos/media) by extension 'ignore'
[0.168s] Level 1:colcon.colcon_core.package_identification:_identify(src/turtlebot3_behavior_demos/media) by extension 'ignore_ament_install'
[0.168s] Level 1:colcon.colcon_core.package_identification:_identify(src/turtlebot3_behavior_demos/media) by extensions ['colcon_pkg']
[0.168s] Level 1:colcon.colcon_core.package_identification:_identify(src/turtlebot3_behavior_demos/media) by extension 'colcon_pkg'
[0.168s] Level 1:colcon.colcon_core.package_identification:_identify(src/turtlebot3_behavior_demos/media) by extensions ['colcon_meta']
[0.168s] Level 1:colcon.colcon_core.package_identification:_identify(src/turtlebot3_behavior_demos/media) by extension 'colcon_meta'
[0.168s] Level 1:colcon.colcon_core.package_identification:_identify(src/turtlebot3_behavior_demos/media) by extensions ['ros']
[0.168s] Level 1:colcon.colcon_core.package_identification:_identify(src/turtlebot3_behavior_demos/media) by extension 'ros'
[0.168s] Level 1:colcon.colcon_core.package_identification:_identify(src/turtlebot3_behavior_demos/media) by extensions ['cmake', 'python']
[0.168s] Level 1:colcon.colcon_core.package_identification:_identify(src/turtlebot3_behavior_demos/media) by extension 'cmake'
[0.168s] Level 1:colcon.colcon_core.package_identification:_identify(src/turtlebot3_behavior_demos/media) by extension 'python'
[0.168s] Level 1:colcon.colcon_core.package_identification:_identify(src/turtlebot3_behavior_demos/media) by extensions ['python_setup_py']
[0.168s] Level 1:colcon.colcon_core.package_identification:_identify(src/turtlebot3_behavior_demos/media) by extension 'python_setup_py'
[0.168s] Level 1:colcon.colcon_core.package_identification:_identify(src/turtlebot3_behavior_demos/tb_autonomy) by extensions ['ignore', 'ignore_ament_install']
[0.168s] Level 1:colcon.colcon_core.package_identification:_identify(src/turtlebot3_behavior_demos/tb_autonomy) by extension 'ignore'
[0.169s] Level 1:colcon.colcon_core.package_identification:_identify(src/turtlebot3_behavior_demos/tb_autonomy) by extension 'ignore_ament_install'
[0.169s] Level 1:colcon.colcon_core.package_identification:_identify(src/turtlebot3_behavior_demos/tb_autonomy) by extensions ['colcon_pkg']
[0.169s] Level 1:colcon.colcon_core.package_identification:_identify(src/turtlebot3_behavior_demos/tb_autonomy) by extension 'colcon_pkg'
[0.169s] Level 1:colcon.colcon_core.package_identification:_identify(src/turtlebot3_behavior_demos/tb_autonomy) by extensions ['colcon_meta']
[0.169s] Level 1:colcon.colcon_core.package_identification:_identify(src/turtlebot3_behavior_demos/tb_autonomy) by extension 'colcon_meta'
[0.169s] Level 1:colcon.colcon_core.package_identification:_identify(src/turtlebot3_behavior_demos/tb_autonomy) by extensions ['ros']
[0.169s] Level 1:colcon.colcon_core.package_identification:_identify(src/turtlebot3_behavior_demos/tb_autonomy) by extension 'ros'
[0.171s] DEBUG:colcon.colcon_core.package_identification:Package 'src/turtlebot3_behavior_demos/tb_autonomy' with type 'ros.ament_cmake' and name 'tb_autonomy'
[0.171s] Level 1:colcon.colcon_core.package_identification:_identify(src/turtlebot3_behavior_demos/tb_worlds) by extensions ['ignore', 'ignore_ament_install']
[0.171s] Level 1:colcon.colcon_core.package_identification:_identify(src/turtlebot3_behavior_demos/tb_worlds) by extension 'ignore'
[0.171s] Level 1:colcon.colcon_core.package_identification:_identify(src/turtlebot3_behavior_demos/tb_worlds) by extension 'ignore_ament_install'
[0.171s] Level 1:colcon.colcon_core.package_identification:_identify(src/turtlebot3_behavior_demos/tb_worlds) by extensions ['colcon_pkg']
[0.171s] Level 1:colcon.colcon_core.package_identification:_identify(src/turtlebot3_behavior_demos/tb_worlds) by extension 'colcon_pkg'
[0.171s] Level 1:colcon.colcon_core.package_identification:_identify(src/turtlebot3_behavior_demos/tb_worlds) by extensions ['colcon_meta']
[0.171s] Level 1:colcon.colcon_core.package_identification:_identify(src/turtlebot3_behavior_demos/tb_worlds) by extension 'colcon_meta'
[0.172s] Level 1:colcon.colcon_core.package_identification:_identify(src/turtlebot3_behavior_demos/tb_worlds) by extensions ['ros']
[0.172s] Level 1:colcon.colcon_core.package_identification:_identify(src/turtlebot3_behavior_demos/tb_worlds) by extension 'ros'
[0.172s] DEBUG:colcon.colcon_core.package_identification:Package 'src/turtlebot3_behavior_demos/tb_worlds' with type 'ros.ament_cmake' and name 'tb_worlds'
[0.172s] Level 1:colcon.colcon_core.package_discovery:discover_packages(recursive) using defaults
[0.172s] Level 1:colcon.colcon_core.package_discovery:discover_packages(ignore) discover
[0.172s] Level 1:colcon.colcon_core.package_discovery:discover_packages(ignore) using defaults
[0.172s] Level 1:colcon.colcon_core.package_discovery:discover_packages(path) discover
[0.172s] Level 1:colcon.colcon_core.package_discovery:discover_packages(path) using defaults
[0.184s] Level 1:colcon.colcon_core.package_discovery:discover_packages(prefix_path) check parameters
[0.184s] Level 1:colcon.colcon_core.package_discovery:discover_packages(prefix_path) discover
[0.187s] DEBUG:colcon.colcon_installed_package_information.package_discovery:Found 384 installed packages in /opt/ros/jazzy
[0.188s] Level 1:colcon.colcon_core.package_discovery:discover_packages(prefix_path) using defaults
[0.226s] Level 5:colcon.colcon_core.verb:set package 'tb_worlds' build argument 'cmake_args' from command line to 'None'
[0.227s] Level 5:colcon.colcon_core.verb:set package 'tb_worlds' build argument 'cmake_target' from command line to 'None'
[0.227s] Level 5:colcon.colcon_core.verb:set package 'tb_worlds' build argument 'cmake_target_skip_unavailable' from command line to 'False'
[0.227s] Level 5:colcon.colcon_core.verb:set package 'tb_worlds' build argument 'cmake_clean_cache' from command line to 'False'
[0.227s] Level 5:colcon.colcon_core.verb:set package 'tb_worlds' build argument 'cmake_clean_first' from command line to 'False'
[0.227s] Level 5:colcon.colcon_core.verb:set package 'tb_worlds' build argument 'cmake_force_configure' from command line to 'False'
[0.227s] Level 5:colcon.colcon_core.verb:set package 'tb_worlds' build argument 'ament_cmake_args' from command line to 'None'
[0.227s] Level 5:colcon.colcon_core.verb:set package 'tb_worlds' build argument 'catkin_cmake_args' from command line to 'None'
[0.227s] Level 5:colcon.colcon_core.verb:set package 'tb_worlds' build argument 'catkin_skip_building_tests' from command line to 'False'
[0.227s] DEBUG:colcon.colcon_core.verb:Building package 'tb_worlds' with the following arguments: {'ament_cmake_args': None, 'build_base': '/home/dmin/turtlebot_ws/build/tb_worlds', 'catkin_cmake_args': None, 'catkin_skip_building_tests': False, 'cmake_args': None, 'cmake_clean_cache': False, 'cmake_clean_first': False, 'cmake_force_configure': False, 'cmake_target': None, 'cmake_target_skip_unavailable': False, 'install_base': '/home/dmin/turtlebot_ws/install/tb_worlds', 'merge_install': False, 'path': '/home/dmin/turtlebot_ws/src/turtlebot3_behavior_demos/tb_worlds', 'symlink_install': False, 'test_result_base': None}
[0.227s] Level 5:colcon.colcon_core.verb:set package 'tb_autonomy' build argument 'cmake_args' from command line to 'None'
[0.227s] Level 5:colcon.colcon_core.verb:set package 'tb_autonomy' build argument 'cmake_target' from command line to 'None'
[0.227s] Level 5:colcon.colcon_core.verb:set package 'tb_autonomy' build argument 'cmake_target_skip_unavailable' from command line to 'False'
[0.227s] Level 5:colcon.colcon_core.verb:set package 'tb_autonomy' build argument 'cmake_clean_cache' from command line to 'False'
[0.227s] Level 5:colcon.colcon_core.verb:set package 'tb_autonomy' build argument 'cmake_clean_first' from command line to 'False'
[0.227s] Level 5:colcon.colcon_core.verb:set package 'tb_autonomy' build argument 'cmake_force_configure' from command line to 'False'
[0.227s] Level 5:colcon.colcon_core.verb:set package 'tb_autonomy' build argument 'ament_cmake_args' from command line to 'None'
[0.227s] Level 5:colcon.colcon_core.verb:set package 'tb_autonomy' build argument 'catkin_cmake_args' from command line to 'None'
[0.227s] Level 5:colcon.colcon_core.verb:set package 'tb_autonomy' build argument 'catkin_skip_building_tests' from command line to 'False'
[0.227s] DEBUG:colcon.colcon_core.verb:Building package 'tb_autonomy' with the following arguments: {'ament_cmake_args': None, 'build_base': '/home/dmin/turtlebot_ws/build/tb_autonomy', 'catkin_cmake_args': None, 'catkin_skip_building_tests': False, 'cmake_args': None, 'cmake_clean_cache': False, 'cmake_clean_first': False, 'cmake_force_configure': False, 'cmake_target': None, 'cmake_target_skip_unavailable': False, 'install_base': '/home/dmin/turtlebot_ws/install/tb_autonomy', 'merge_install': False, 'path': '/home/dmin/turtlebot_ws/src/turtlebot3_behavior_demos/tb_autonomy', 'symlink_install': False, 'test_result_base': None}
[0.227s] INFO:colcon.colcon_core.executor:Executing jobs using 'parallel' executor
[0.228s] DEBUG:colcon.colcon_parallel_executor.executor.parallel:run_until_complete
[0.228s] INFO:colcon.colcon_ros.task.ament_cmake.build:Building ROS package in '/home/dmin/turtlebot_ws/src/turtlebot3_behavior_demos/tb_worlds' with build type 'ament_cmake'
[0.228s] INFO:colcon.colcon_cmake.task.cmake.build:Building CMake package in '/home/dmin/turtlebot_ws/src/turtlebot3_behavior_demos/tb_worlds'
[0.230s] INFO:colcon.colcon_core.plugin_system:Skipping extension 'colcon_core.shell.bat': Not used on non-Windows systems
[0.230s] INFO:colcon.colcon_core.shell:Skip shell extension 'powershell' for command environment: Not usable outside of PowerShell
[0.230s] DEBUG:colcon.colcon_core.shell:Skip shell extension 'dsv' for command environment
[0.239s] DEBUG:colcon.colcon_core.event_handler.log_command:Invoking command in '/home/dmin/turtlebot_ws/build/tb_worlds': CMAKE_PREFIX_PATH=${CMAKE_PREFIX_PATH}:/opt/ros/jazzy /usr/bin/cmake /home/dmin/turtlebot_ws/src/turtlebot3_behavior_demos/tb_worlds -DCMAKE_INSTALL_PREFIX=/home/dmin/turtlebot_ws/install/tb_worlds
[1.752s] DEBUG:colcon.colcon_core.event_handler.log_command:Invoked command in '/home/dmin/turtlebot_ws/build/tb_worlds' returned '0': CMAKE_PREFIX_PATH=${CMAKE_PREFIX_PATH}:/opt/ros/jazzy /usr/bin/cmake /home/dmin/turtlebot_ws/src/turtlebot3_behavior_demos/tb_worlds -DCMAKE_INSTALL_PREFIX=/home/dmin/turtlebot_ws/install/tb_worlds
[1.753s] DEBUG:colcon.colcon_core.event_handler.log_command:Invoking command in '/home/dmin/turtlebot_ws/build/tb_worlds': CMAKE_PREFIX_PATH=${CMAKE_PREFIX_PATH}:/opt/ros/jazzy /usr/bin/cmake --build /home/dmin/turtlebot_ws/build/tb_worlds -- -j12 -l12
[1.799s] DEBUG:colcon.colcon_core.event_handler.log_command:Invoked command in '/home/dmin/turtlebot_ws/build/tb_worlds' returned '0': CMAKE_PREFIX_PATH=${CMAKE_PREFIX_PATH}:/opt/ros/jazzy /usr/bin/cmake --build /home/dmin/turtlebot_ws/build/tb_worlds -- -j12 -l12
[1.810s] DEBUG:colcon.colcon_core.event_handler.log_command:Invoking command in '/home/dmin/turtlebot_ws/build/tb_worlds': CMAKE_PREFIX_PATH=${CMAKE_PREFIX_PATH}:/opt/ros/jazzy /usr/bin/cmake --install /home/dmin/turtlebot_ws/build/tb_worlds
[1.841s] Level 1:colcon.colcon_core.environment:create_environment_scripts_only(tb_worlds)
[1.842s] DEBUG:colcon.colcon_core.event_handler.log_command:Invoked command in '/home/dmin/turtlebot_ws/build/tb_worlds' returned '0': CMAKE_PREFIX_PATH=${CMAKE_PREFIX_PATH}:/opt/ros/jazzy /usr/bin/cmake --install /home/dmin/turtlebot_ws/build/tb_worlds
[1.843s] Level 1:colcon.colcon_core.environment:checking '/home/dmin/turtlebot_ws/install/tb_worlds' for CMake module files
[1.844s] Level 1:colcon.colcon_core.environment:checking '/home/dmin/turtlebot_ws/install/tb_worlds' for CMake config files
[1.844s] Level 1:colcon.colcon_core.shell:create_environment_hook('tb_worlds', 'cmake_prefix_path')
[1.844s] INFO:colcon.colcon_core.shell:Creating environment hook '/home/dmin/turtlebot_ws/install/tb_worlds/share/tb_worlds/hook/cmake_prefix_path.ps1'
[1.845s] INFO:colcon.colcon_core.shell:Creating environment descriptor '/home/dmin/turtlebot_ws/install/tb_worlds/share/tb_worlds/hook/cmake_prefix_path.dsv'
[1.846s] INFO:colcon.colcon_core.shell:Creating environment hook '/home/dmin/turtlebot_ws/install/tb_worlds/share/tb_worlds/hook/cmake_prefix_path.sh'
[1.846s] Level 1:colcon.colcon_core.environment:checking '/home/dmin/turtlebot_ws/install/tb_worlds/bin'
[1.846s] Level 1:colcon.colcon_core.environment:checking '/home/dmin/turtlebot_ws/install/tb_worlds/lib/pkgconfig/tb_worlds.pc'
[1.847s] Level 1:colcon.colcon_core.environment:checking '/home/dmin/turtlebot_ws/install/tb_worlds/lib/python3.12/site-packages'
[1.847s] Level 1:colcon.colcon_core.environment:checking '/home/dmin/turtlebot_ws/install/tb_worlds/bin'
[1.847s] INFO:colcon.colcon_core.shell:Creating package script '/home/dmin/turtlebot_ws/install/tb_worlds/share/tb_worlds/package.ps1'
[1.847s] INFO:colcon.colcon_core.shell:Creating package descriptor '/home/dmin/turtlebot_ws/install/tb_worlds/share/tb_worlds/package.dsv'
[1.848s] INFO:colcon.colcon_core.shell:Creating package script '/home/dmin/turtlebot_ws/install/tb_worlds/share/tb_worlds/package.sh'
[1.848s] INFO:colcon.colcon_core.shell:Creating package script '/home/dmin/turtlebot_ws/install/tb_worlds/share/tb_worlds/package.bash'
[1.849s] INFO:colcon.colcon_core.shell:Creating package script '/home/dmin/turtlebot_ws/install/tb_worlds/share/tb_worlds/package.zsh'
[1.849s] Level 1:colcon.colcon_core.environment:create_file_with_runtime_dependencies(/home/dmin/turtlebot_ws/install/tb_worlds/share/colcon-core/packages/tb_worlds)
[1.850s] Level 1:colcon.colcon_core.environment:create_environment_scripts_only(tb_worlds)
[1.850s] Level 1:colcon.colcon_core.environment:checking '/home/dmin/turtlebot_ws/install/tb_worlds' for CMake module files
[1.851s] Level 1:colcon.colcon_core.environment:checking '/home/dmin/turtlebot_ws/install/tb_worlds' for CMake config files
[1.851s] Level 1:colcon.colcon_core.shell:create_environment_hook('tb_worlds', 'cmake_prefix_path')
[1.851s] INFO:colcon.colcon_core.shell:Creating environment hook '/home/dmin/turtlebot_ws/install/tb_worlds/share/tb_worlds/hook/cmake_prefix_path.ps1'
[1.851s] INFO:colcon.colcon_core.shell:Creating environment descriptor '/home/dmin/turtlebot_ws/install/tb_worlds/share/tb_worlds/hook/cmake_prefix_path.dsv'
[1.852s] INFO:colcon.colcon_core.shell:Creating environment hook '/home/dmin/turtlebot_ws/install/tb_worlds/share/tb_worlds/hook/cmake_prefix_path.sh'
[1.852s] Level 1:colcon.colcon_core.environment:checking '/home/dmin/turtlebot_ws/install/tb_worlds/bin'
[1.852s] Level 1:colcon.colcon_core.environment:checking '/home/dmin/turtlebot_ws/install/tb_worlds/lib/pkgconfig/tb_worlds.pc'
[1.852s] Level 1:colcon.colcon_core.environment:checking '/home/dmin/turtlebot_ws/install/tb_worlds/lib/python3.12/site-packages'
[1.853s] Level 1:colcon.colcon_core.environment:checking '/home/dmin/turtlebot_ws/install/tb_worlds/bin'
[1.853s] INFO:colcon.colcon_core.shell:Creating package script '/home/dmin/turtlebot_ws/install/tb_worlds/share/tb_worlds/package.ps1'
[1.853s] INFO:colcon.colcon_core.shell:Creating package descriptor '/home/dmin/turtlebot_ws/install/tb_worlds/share/tb_worlds/package.dsv'
[1.853s] INFO:colcon.colcon_core.shell:Creating package script '/home/dmin/turtlebot_ws/install/tb_worlds/share/tb_worlds/package.sh'
[1.854s] INFO:colcon.colcon_core.shell:Creating package script '/home/dmin/turtlebot_ws/install/tb_worlds/share/tb_worlds/package.bash'
[1.854s] INFO:colcon.colcon_core.shell:Creating package script '/home/dmin/turtlebot_ws/install/tb_worlds/share/tb_worlds/package.zsh'
[1.854s] Level 1:colcon.colcon_core.environment:create_file_with_runtime_dependencies(/home/dmin/turtlebot_ws/install/tb_worlds/share/colcon-core/packages/tb_worlds)
[1.855s] INFO:colcon.colcon_ros.task.ament_cmake.build:Building ROS package in '/home/dmin/turtlebot_ws/src/turtlebot3_behavior_demos/tb_autonomy' with build type 'ament_cmake'
[1.855s] INFO:colcon.colcon_cmake.task.cmake.build:Building CMake package in '/home/dmin/turtlebot_ws/src/turtlebot3_behavior_demos/tb_autonomy'
[1.855s] INFO:colcon.colcon_core.shell:Skip shell extension 'powershell' for command environment: Not usable outside of PowerShell
[1.855s] DEBUG:colcon.colcon_core.shell:Skip shell extension 'dsv' for command environment
[1.882s] DEBUG:colcon.colcon_core.event_handler.log_command:Invoking command in '/home/dmin/turtlebot_ws/build/tb_autonomy': AMENT_PREFIX_PATH=/home/dmin/turtlebot_ws/install/tb_worlds:${AMENT_PREFIX_PATH} CMAKE_PREFIX_PATH=/home/dmin/turtlebot_ws/install/tb_worlds:/opt/ros/jazzy/opt/gz_sim_vendor:/opt/ros/jazzy/opt/gz_sensors_vendor:/opt/ros/jazzy/opt/gz_physics_vendor:/opt/ros/jazzy/opt/sdformat_vendor:/opt/ros/jazzy/opt/gz_gui_vendor:/opt/ros/jazzy/opt/gz_transport_vendor:/opt/ros/jazzy/opt/gz_rendering_vendor:/opt/ros/jazzy/opt/gz_plugin_vendor:/opt/ros/jazzy/opt/gz_fuel_tools_vendor:/opt/ros/jazzy/opt/gz_msgs_vendor:/opt/ros/jazzy/opt/gz_common_vendor:/opt/ros/jazzy/opt/gz_tools_vendor:/opt/ros/jazzy/opt/gz_ogre_next_vendor:/opt/ros/jazzy/opt/gz_dartsim_vendor:/opt/ros/jazzy/opt/gz_math_vendor:/opt/ros/jazzy/opt/gz_utils_vendor:/opt/ros/jazzy/opt/gz_cmake_vendor:/opt/ros/jazzy /usr/bin/cmake /home/dmin/turtlebot_ws/src/turtlebot3_behavior_demos/tb_autonomy -DCMAKE_INSTALL_PREFIX=/home/dmin/turtlebot_ws/install/tb_autonomy
[4.342s] DEBUG:colcon.colcon_core.event_handler.log_command:Invoked command in '/home/dmin/turtlebot_ws/build/tb_autonomy' returned '0': AMENT_PREFIX_PATH=/home/dmin/turtlebot_ws/install/tb_worlds:${AMENT_PREFIX_PATH} CMAKE_PREFIX_PATH=/home/dmin/turtlebot_ws/install/tb_worlds:/opt/ros/jazzy/opt/gz_sim_vendor:/opt/ros/jazzy/opt/gz_sensors_vendor:/opt/ros/jazzy/opt/gz_physics_vendor:/opt/ros/jazzy/opt/sdformat_vendor:/opt/ros/jazzy/opt/gz_gui_vendor:/opt/ros/jazzy/opt/gz_transport_vendor:/opt/ros/jazzy/opt/gz_rendering_vendor:/opt/ros/jazzy/opt/gz_plugin_vendor:/opt/ros/jazzy/opt/gz_fuel_tools_vendor:/opt/ros/jazzy/opt/gz_msgs_vendor:/opt/ros/jazzy/opt/gz_common_vendor:/opt/ros/jazzy/opt/gz_tools_vendor:/opt/ros/jazzy/opt/gz_ogre_next_vendor:/opt/ros/jazzy/opt/gz_dartsim_vendor:/opt/ros/jazzy/opt/gz_math_vendor:/opt/ros/jazzy/opt/gz_utils_vendor:/opt/ros/jazzy/opt/gz_cmake_vendor:/opt/ros/jazzy /usr/bin/cmake /home/dmin/turtlebot_ws/src/turtlebot3_behavior_demos/tb_autonomy -DCMAKE_INSTALL_PREFIX=/home/dmin/turtlebot_ws/install/tb_autonomy
[4.342s] DEBUG:colcon.colcon_core.event_handler.log_command:Invoking command in '/home/dmin/turtlebot_ws/build/tb_autonomy': AMENT_PREFIX_PATH=/home/dmin/turtlebot_ws/install/tb_worlds:${AMENT_PREFIX_PATH} CMAKE_PREFIX_PATH=/home/dmin/turtlebot_ws/install/tb_worlds:/opt/ros/jazzy/opt/gz_sim_vendor:/opt/ros/jazzy/opt/gz_sensors_vendor:/opt/ros/jazzy/opt/gz_physics_vendor:/opt/ros/jazzy/opt/sdformat_vendor:/opt/ros/jazzy/opt/gz_gui_vendor:/opt/ros/jazzy/opt/gz_transport_vendor:/opt/ros/jazzy/opt/gz_rendering_vendor:/opt/ros/jazzy/opt/gz_plugin_vendor:/opt/ros/jazzy/opt/gz_fuel_tools_vendor:/opt/ros/jazzy/opt/gz_msgs_vendor:/opt/ros/jazzy/opt/gz_common_vendor:/opt/ros/jazzy/opt/gz_tools_vendor:/opt/ros/jazzy/opt/gz_ogre_next_vendor:/opt/ros/jazzy/opt/gz_dartsim_vendor:/opt/ros/jazzy/opt/gz_math_vendor:/opt/ros/jazzy/opt/gz_utils_vendor:/opt/ros/jazzy/opt/gz_cmake_vendor:/opt/ros/jazzy /usr/bin/cmake --build /home/dmin/turtlebot_ws/build/tb_autonomy -- -j12 -l12
[11.653s] DEBUG:colcon.colcon_core.event_handler.log_command:Invoked command in '/home/dmin/turtlebot_ws/build/tb_autonomy' returned '0': AMENT_PREFIX_PATH=/home/dmin/turtlebot_ws/install/tb_worlds:${AMENT_PREFIX_PATH} CMAKE_PREFIX_PATH=/home/dmin/turtlebot_ws/install/tb_worlds:/opt/ros/jazzy/opt/gz_sim_vendor:/opt/ros/jazzy/opt/gz_sensors_vendor:/opt/ros/jazzy/opt/gz_physics_vendor:/opt/ros/jazzy/opt/sdformat_vendor:/opt/ros/jazzy/opt/gz_gui_vendor:/opt/ros/jazzy/opt/gz_transport_vendor:/opt/ros/jazzy/opt/gz_rendering_vendor:/opt/ros/jazzy/opt/gz_plugin_vendor:/opt/ros/jazzy/opt/gz_fuel_tools_vendor:/opt/ros/jazzy/opt/gz_msgs_vendor:/opt/ros/jazzy/opt/gz_common_vendor:/opt/ros/jazzy/opt/gz_tools_vendor:/opt/ros/jazzy/opt/gz_ogre_next_vendor:/opt/ros/jazzy/opt/gz_dartsim_vendor:/opt/ros/jazzy/opt/gz_math_vendor:/opt/ros/jazzy/opt/gz_utils_vendor:/opt/ros/jazzy/opt/gz_cmake_vendor:/opt/ros/jazzy /usr/bin/cmake --build /home/dmin/turtlebot_ws/build/tb_autonomy -- -j12 -l12
[11.654s] DEBUG:colcon.colcon_core.event_handler.log_command:Invoking command in '/home/dmin/turtlebot_ws/build/tb_autonomy': AMENT_PREFIX_PATH=/home/dmin/turtlebot_ws/install/tb_worlds:${AMENT_PREFIX_PATH} CMAKE_PREFIX_PATH=/home/dmin/turtlebot_ws/install/tb_worlds:/opt/ros/jazzy/opt/gz_sim_vendor:/opt/ros/jazzy/opt/gz_sensors_vendor:/opt/ros/jazzy/opt/gz_physics_vendor:/opt/ros/jazzy/opt/sdformat_vendor:/opt/ros/jazzy/opt/gz_gui_vendor:/opt/ros/jazzy/opt/gz_transport_vendor:/opt/ros/jazzy/opt/gz_rendering_vendor:/opt/ros/jazzy/opt/gz_plugin_vendor:/opt/ros/jazzy/opt/gz_fuel_tools_vendor:/opt/ros/jazzy/opt/gz_msgs_vendor:/opt/ros/jazzy/opt/gz_common_vendor:/opt/ros/jazzy/opt/gz_tools_vendor:/opt/ros/jazzy/opt/gz_ogre_next_vendor:/opt/ros/jazzy/opt/gz_dartsim_vendor:/opt/ros/jazzy/opt/gz_math_vendor:/opt/ros/jazzy/opt/gz_utils_vendor:/opt/ros/jazzy/opt/gz_cmake_vendor:/opt/ros/jazzy /usr/bin/cmake --install /home/dmin/turtlebot_ws/build/tb_autonomy
[11.721s] Level 1:colcon.colcon_core.environment:create_environment_scripts_only(tb_autonomy)
[11.721s] Level 1:colcon.colcon_core.environment:checking '/home/dmin/turtlebot_ws/install/tb_autonomy' for CMake module files
[11.721s] DEBUG:colcon.colcon_core.event_handler.log_command:Invoked command in '/home/dmin/turtlebot_ws/build/tb_autonomy' returned '0': AMENT_PREFIX_PATH=/home/dmin/turtlebot_ws/install/tb_worlds:${AMENT_PREFIX_PATH} CMAKE_PREFIX_PATH=/home/dmin/turtlebot_ws/install/tb_worlds:/opt/ros/jazzy/opt/gz_sim_vendor:/opt/ros/jazzy/opt/gz_sensors_vendor:/opt/ros/jazzy/opt/gz_physics_vendor:/opt/ros/jazzy/opt/sdformat_vendor:/opt/ros/jazzy/opt/gz_gui_vendor:/opt/ros/jazzy/opt/gz_transport_vendor:/opt/ros/jazzy/opt/gz_rendering_vendor:/opt/ros/jazzy/opt/gz_plugin_vendor:/opt/ros/jazzy/opt/gz_fuel_tools_vendor:/opt/ros/jazzy/opt/gz_msgs_vendor:/opt/ros/jazzy/opt/gz_common_vendor:/opt/ros/jazzy/opt/gz_tools_vendor:/opt/ros/jazzy/opt/gz_ogre_next_vendor:/opt/ros/jazzy/opt/gz_dartsim_vendor:/opt/ros/jazzy/opt/gz_math_vendor:/opt/ros/jazzy/opt/gz_utils_vendor:/opt/ros/jazzy/opt/gz_cmake_vendor:/opt/ros/jazzy /usr/bin/cmake --install /home/dmin/turtlebot_ws/build/tb_autonomy
[11.722s] Level 1:colcon.colcon_core.environment:checking '/home/dmin/turtlebot_ws/install/tb_autonomy' for CMake config files
[11.722s] Level 1:colcon.colcon_core.shell:create_environment_hook('tb_autonomy', 'cmake_prefix_path')
[11.722s] INFO:colcon.colcon_core.shell:Creating environment hook '/home/dmin/turtlebot_ws/install/tb_autonomy/share/tb_autonomy/hook/cmake_prefix_path.ps1'
[11.723s] INFO:colcon.colcon_core.shell:Creating environment descriptor '/home/dmin/turtlebot_ws/install/tb_autonomy/share/tb_autonomy/hook/cmake_prefix_path.dsv'
[11.723s] INFO:colcon.colcon_core.shell:Creating environment hook '/home/dmin/turtlebot_ws/install/tb_autonomy/share/tb_autonomy/hook/cmake_prefix_path.sh'
[11.724s] Level 1:colcon.colcon_core.environment:checking '/home/dmin/turtlebot_ws/install/tb_autonomy/lib'
[11.724s] Level 1:colcon.colcon_core.environment:checking '/home/dmin/turtlebot_ws/install/tb_autonomy/bin'
[11.724s] Level 1:colcon.colcon_core.environment:checking '/home/dmin/turtlebot_ws/install/tb_autonomy/lib/pkgconfig/tb_autonomy.pc'
[11.724s] Level 1:colcon.colcon_core.environment:checking '/home/dmin/turtlebot_ws/install/tb_autonomy/lib/python3.12/site-packages'
[11.724s] Level 1:colcon.colcon_core.shell:create_environment_hook('tb_autonomy', 'pythonpath')
[11.724s] INFO:colcon.colcon_core.shell:Creating environment hook '/home/dmin/turtlebot_ws/install/tb_autonomy/share/tb_autonomy/hook/pythonpath.ps1'
[11.725s] INFO:colcon.colcon_core.shell:Creating environment descriptor '/home/dmin/turtlebot_ws/install/tb_autonomy/share/tb_autonomy/hook/pythonpath.dsv'
[11.725s] INFO:colcon.colcon_core.shell:Creating environment hook '/home/dmin/turtlebot_ws/install/tb_autonomy/share/tb_autonomy/hook/pythonpath.sh'
[11.725s] Level 1:colcon.colcon_core.environment:checking '/home/dmin/turtlebot_ws/install/tb_autonomy/bin'
[11.725s] INFO:colcon.colcon_core.shell:Creating package script '/home/dmin/turtlebot_ws/install/tb_autonomy/share/tb_autonomy/package.ps1'
[11.726s] INFO:colcon.colcon_core.shell:Creating package descriptor '/home/dmin/turtlebot_ws/install/tb_autonomy/share/tb_autonomy/package.dsv'
[11.726s] INFO:colcon.colcon_core.shell:Creating package script '/home/dmin/turtlebot_ws/install/tb_autonomy/share/tb_autonomy/package.sh'
[11.726s] INFO:colcon.colcon_core.shell:Creating package script '/home/dmin/turtlebot_ws/install/tb_autonomy/share/tb_autonomy/package.bash'
[11.727s] INFO:colcon.colcon_core.shell:Creating package script '/home/dmin/turtlebot_ws/install/tb_autonomy/share/tb_autonomy/package.zsh'
[11.727s] Level 1:colcon.colcon_core.environment:create_file_with_runtime_dependencies(/home/dmin/turtlebot_ws/install/tb_autonomy/share/colcon-core/packages/tb_autonomy)
[11.728s] Level 1:colcon.colcon_core.environment:create_environment_scripts_only(tb_autonomy)
[11.728s] Level 1:colcon.colcon_core.environment:checking '/home/dmin/turtlebot_ws/install/tb_autonomy' for CMake module files
[11.729s] Level 1:colcon.colcon_core.environment:checking '/home/dmin/turtlebot_ws/install/tb_autonomy' for CMake config files
[11.729s] Level 1:colcon.colcon_core.shell:create_environment_hook('tb_autonomy', 'cmake_prefix_path')
[11.729s] INFO:colcon.colcon_core.shell:Creating environment hook '/home/dmin/turtlebot_ws/install/tb_autonomy/share/tb_autonomy/hook/cmake_prefix_path.ps1'
[11.729s] INFO:colcon.colcon_core.shell:Creating environment descriptor '/home/dmin/turtlebot_ws/install/tb_autonomy/share/tb_autonomy/hook/cmake_prefix_path.dsv'
[11.730s] INFO:colcon.colcon_core.shell:Creating environment hook '/home/dmin/turtlebot_ws/install/tb_autonomy/share/tb_autonomy/hook/cmake_prefix_path.sh'
[11.730s] Level 1:colcon.colcon_core.environment:checking '/home/dmin/turtlebot_ws/install/tb_autonomy/lib'
[11.730s] Level 1:colcon.colcon_core.environment:checking '/home/dmin/turtlebot_ws/install/tb_autonomy/bin'
[11.730s] Level 1:colcon.colcon_core.environment:checking '/home/dmin/turtlebot_ws/install/tb_autonomy/lib/pkgconfig/tb_autonomy.pc'
[11.730s] Level 1:colcon.colcon_core.environment:checking '/home/dmin/turtlebot_ws/install/tb_autonomy/lib/python3.12/site-packages'
[11.730s] Level 1:colcon.colcon_core.shell:create_environment_hook('tb_autonomy', 'pythonpath')
[11.731s] INFO:colcon.colcon_core.shell:Creating environment hook '/home/dmin/turtlebot_ws/install/tb_autonomy/share/tb_autonomy/hook/pythonpath.ps1'
[11.731s] INFO:colcon.colcon_core.shell:Creating environment descriptor '/home/dmin/turtlebot_ws/install/tb_autonomy/share/tb_autonomy/hook/pythonpath.dsv'
[11.731s] INFO:colcon.colcon_core.shell:Creating environment hook '/home/dmin/turtlebot_ws/install/tb_autonomy/share/tb_autonomy/hook/pythonpath.sh'
[11.732s] Level 1:colcon.colcon_core.environment:checking '/home/dmin/turtlebot_ws/install/tb_autonomy/bin'
[11.732s] INFO:colcon.colcon_core.shell:Creating package script '/home/dmin/turtlebot_ws/install/tb_autonomy/share/tb_autonomy/package.ps1'
[11.732s] INFO:colcon.colcon_core.shell:Creating package descriptor '/home/dmin/turtlebot_ws/install/tb_autonomy/share/tb_autonomy/package.dsv'
[11.733s] INFO:colcon.colcon_core.shell:Creating package script '/home/dmin/turtlebot_ws/install/tb_autonomy/share/tb_autonomy/package.sh'
[11.733s] INFO:colcon.colcon_core.shell:Creating package script '/home/dmin/turtlebot_ws/install/tb_autonomy/share/tb_autonomy/package.bash'
[11.733s] INFO:colcon.colcon_core.shell:Creating package script '/home/dmin/turtlebot_ws/install/tb_autonomy/share/tb_autonomy/package.zsh'
[11.734s] Level 1:colcon.colcon_core.environment:create_file_with_runtime_dependencies(/home/dmin/turtlebot_ws/install/tb_autonomy/share/colcon-core/packages/tb_autonomy)
[11.734s] DEBUG:colcon.colcon_parallel_executor.executor.parallel:closing loop
[11.734s] DEBUG:colcon.colcon_parallel_executor.executor.parallel:loop closed
[11.735s] DEBUG:colcon.colcon_parallel_executor.executor.parallel:run_until_complete finished with '0'
[11.735s] DEBUG:colcon.colcon_core.event_reactor:joining thread
[11.757s] INFO:colcon.colcon_core.plugin_system:Skipping extension 'colcon_notification.desktop_notification.notify_send': Could not find 'notify-send'
[11.758s] INFO:colcon.colcon_core.plugin_system:Skipping extension 'colcon_notification.desktop_notification.terminal_notifier': Not used on non-Darwin systems
[11.758s] INFO:colcon.colcon_core.plugin_system:Skipping extension 'colcon_notification.desktop_notification.win32': Not used on non-Windows systems
[11.758s] INFO:colcon.colcon_notification.desktop_notification:Sending desktop notification using 'notify2'
[11.758s] DEBUG:colcon.colcon_notification.desktop_notification.notify2:Failed to initialize notify2: org.freedesktop.DBus.Error.ServiceUnknown: The name org.freedesktop.Notifications was not provided by any .service files
[11.758s] DEBUG:colcon.colcon_core.event_reactor:joined thread
[11.759s] INFO:colcon.colcon_core.shell:Creating prefix script '/home/dmin/turtlebot_ws/install/local_setup.ps1'
[11.759s] INFO:colcon.colcon_core.shell:Creating prefix util module '/home/dmin/turtlebot_ws/install/_local_setup_util_ps1.py'
[11.760s] INFO:colcon.colcon_core.shell:Creating prefix chain script '/home/dmin/turtlebot_ws/install/setup.ps1'
[11.761s] INFO:colcon.colcon_core.shell:Creating prefix script '/home/dmin/turtlebot_ws/install/local_setup.sh'
[11.761s] INFO:colcon.colcon_core.shell:Creating prefix util module '/home/dmin/turtlebot_ws/install/_local_setup_util_sh.py'
[11.762s] INFO:colcon.colcon_core.shell:Creating prefix chain script '/home/dmin/turtlebot_ws/install/setup.sh'
[11.762s] INFO:colcon.colcon_core.shell:Creating prefix script '/home/dmin/turtlebot_ws/install/local_setup.bash'
[11.763s] INFO:colcon.colcon_core.shell:Creating prefix chain script '/home/dmin/turtlebot_ws/install/setup.bash'
[11.763s] INFO:colcon.colcon_core.shell:Creating prefix script '/home/dmin/turtlebot_ws/install/local_setup.zsh'
[11.763s] INFO:colcon.colcon_core.shell:Creating prefix chain script '/home/dmin/turtlebot_ws/install/setup.zsh'
